<?xml version="1.0" encoding="UTF-8"?>
<!-- Generated by org.testng.reporters.JUnitReportReporter -->
<testsuite skipped="0" hostname="Gerard" name="testCases.ReadOneProduct" tests="1" failures="0" timestamp="22 Aug 2022 18:09:46 GMT" time="1.363" errors="0">
  <testcase name="readOneProduct" time="1.363" classname="testCases.ReadOneProduct"/>
</testsuite> <!-- testCases.ReadOneProduct -->
