<?xml version="1.0" encoding="UTF-8"?>
<!-- Generated by org.testng.reporters.JUnitReportReporter -->
<testsuite skipped="0" hostname="Gerard" name="testCases.ReadAllProducts" tests="1" failures="0" timestamp="28 Oct 2022 16:04:02 GMT" time="2.393" errors="0">
  <testcase name="readAllProducts" time="2.393" classname="testCases.ReadAllProducts"/>
</testsuite> <!-- testCases.ReadAllProducts -->
