<?xml version="1.0" encoding="UTF-8"?>
<!-- Generated by org.testng.reporters.JUnitReportReporter -->
<testsuite skipped="0" hostname="Gerard" name="testCases.UpdateOneProduct" tests="4" failures="0" timestamp="22 Aug 2022 22:01:59 GMT" time="2.922" errors="0">
  <testcase name="createOneProduct" time="1.447" classname="testCases.UpdateOneProduct"/>
  <testcase name="readAllProducts" time="0.710" classname="testCases.UpdateOneProduct"/>
  <testcase name="updateOneProduct" time="0.373" classname="testCases.UpdateOneProduct"/>
  <testcase name="readOneProduct" time="0.392" classname="testCases.UpdateOneProduct"/>
</testsuite> <!-- testCases.UpdateOneProduct -->
