<?xml version="1.0" encoding="UTF-8"?>
<!-- Generated by org.testng.reporters.JUnitReportReporter -->
<testsuite skipped="0" hostname="Gerard" name="testCases.Practice" tests="1" failures="0" timestamp="22 Aug 2022 15:31:46 GMT" time="1.890" errors="0">
  <testcase name="readAllProduct2" time="1.890" classname="testCases.Practice"/>
</testsuite> <!-- testCases.Practice -->
