<?xml version="1.0" encoding="UTF-8"?>
<!-- Generated by org.testng.reporters.JUnitReportReporter -->
<testsuite skipped="0" hostname="Gerard" name="testCases.CreateOneProduct" tests="3" failures="0" timestamp="22 Aug 2022 19:21:34 GMT" time="3.161" errors="0">
  <testcase name="createOneProduct" time="2.070" classname="testCases.CreateOneProduct"/>
  <testcase name="readAllProducts" time="0.737" classname="testCases.CreateOneProduct"/>
  <testcase name="readOneProduct" time="0.354" classname="testCases.CreateOneProduct"/>
</testsuite> <!-- testCases.CreateOneProduct -->
